2020-01-31 02:43:14 Notice: Notice (8): Undefined variable: options in [/var/www/html/ivaa_baru/templates/Artworks/add.php, line 40]
Request URL: /artworks/add
Referer URL: http://localhost:8765/artworks
Client IP: 127.0.0.1
Trace:
Cake\Error\BaseErrorHandler::handleError() - CORE/src/Error/BaseErrorHandler.php, line 188
DebugKit\Plugin::DebugKit\{closure}() - ROOT/vendor/cakephp/debug_kit/src/Plugin.php, line 105
include - ROOT/templates/Artworks/add.php, line 40
Cake\View\View::_evaluate() - CORE/src/View/View.php, line 1164
Cake\View\View::_render() - CORE/src/View/View.php, line 1125
Cake\View\View::render() - CORE/src/View/View.php, line 750
Cake\Controller\Controller::render() - CORE/src/Controller/Controller.php, line 691
Cake\Controller\Controller::invokeAction() - CORE/src/Controller/Controller.php, line 533
Cake\Controller\ControllerFactory::invoke() - CORE/src/Controller/ControllerFactory.php, line 79
Cake\Http\BaseApplication::handle() - CORE/src/Http/BaseApplication.php, line 229
Cake\Http\Runner::handle() - CORE/src/Http/Runner.php, line 77
Cake\Http\Runner::handle() - CORE/src/Http/Runner.php, line 77
Cake\Http\Middleware\CsrfProtectionMiddleware::process() - CORE/src/Http/Middleware/CsrfProtectionMiddleware.php, line 132
Cake\Http\Runner::handle() - CORE/src/Http/Runner.php, line 73
Cake\Http\Runner::run() - CORE/src/Http/Runner.php, line 58
Cake\Routing\Middleware\RoutingMiddleware::process() - CORE/src/Routing/Middleware/RoutingMiddleware.php, line 162
Cake\Http\Runner::handle() - CORE/src/Http/Runner.php, line 73
Cake\Routing\Middleware\AssetMiddleware::process() - CORE/src/Routing/Middleware/AssetMiddleware.php, line 68
Cake\Http\Runner::handle() - CORE/src/Http/Runner.php, line 73
Cake\Error\Middleware\ErrorHandlerMiddleware::process() - CORE/src/Error/Middleware/ErrorHandlerMiddleware.php, line 118
Cake\Http\Runner::handle() - CORE/src/Http/Runner.php, line 73
DebugKit\Middleware\DebugKitMiddleware::process() - ROOT/vendor/cakephp/debug_kit/src/Middleware/DebugKitMiddleware.php, line 60
Cake\Http\Runner::handle() - CORE/src/Http/Runner.php, line 73
Cake\Http\Runner::run() - CORE/src/Http/Runner.php, line 58
Cake\Http\Server::run() - CORE/src/Http/Server.php, line 90
[main] - ROOT/webroot/index.php, line 40



2020-01-31 03:27:12 Notice: Notice (8): Undefined variable: artwork in [/var/www/html/ivaa_baru/templates/ArtworksFiles/index.php, line 34]
Request URL: /artworks-files
Referer URL: http://localhost:8765/artworks-files/edit/1
Client IP: 127.0.0.1
Trace:
Cake\Error\BaseErrorHandler::handleError() - CORE/src/Error/BaseErrorHandler.php, line 188
DebugKit\Plugin::DebugKit\{closure}() - ROOT/vendor/cakephp/debug_kit/src/Plugin.php, line 105
include - ROOT/templates/ArtworksFiles/index.php, line 34
Cake\View\View::_evaluate() - CORE/src/View/View.php, line 1164
Cake\View\View::_render() - CORE/src/View/View.php, line 1125
Cake\View\View::render() - CORE/src/View/View.php, line 750
Cake\Controller\Controller::render() - CORE/src/Controller/Controller.php, line 691
Cake\Controller\Controller::invokeAction() - CORE/src/Controller/Controller.php, line 533
Cake\Controller\ControllerFactory::invoke() - CORE/src/Controller/ControllerFactory.php, line 79
Cake\Http\BaseApplication::handle() - CORE/src/Http/BaseApplication.php, line 229
Cake\Http\Runner::handle() - CORE/src/Http/Runner.php, line 77
Cake\Http\Runner::handle() - CORE/src/Http/Runner.php, line 77
Cake\Http\Middleware\CsrfProtectionMiddleware::process() - CORE/src/Http/Middleware/CsrfProtectionMiddleware.php, line 132
Cake\Http\Runner::handle() - CORE/src/Http/Runner.php, line 73
Cake\Http\Runner::run() - CORE/src/Http/Runner.php, line 58
Cake\Routing\Middleware\RoutingMiddleware::process() - CORE/src/Routing/Middleware/RoutingMiddleware.php, line 162
Cake\Http\Runner::handle() - CORE/src/Http/Runner.php, line 73
Cake\Routing\Middleware\AssetMiddleware::process() - CORE/src/Routing/Middleware/AssetMiddleware.php, line 68
Cake\Http\Runner::handle() - CORE/src/Http/Runner.php, line 73
Cake\Error\Middleware\ErrorHandlerMiddleware::process() - CORE/src/Error/Middleware/ErrorHandlerMiddleware.php, line 118
Cake\Http\Runner::handle() - CORE/src/Http/Runner.php, line 73
DebugKit\Middleware\DebugKitMiddleware::process() - ROOT/vendor/cakephp/debug_kit/src/Middleware/DebugKitMiddleware.php, line 60
Cake\Http\Runner::handle() - CORE/src/Http/Runner.php, line 73
Cake\Http\Runner::run() - CORE/src/Http/Runner.php, line 58
Cake\Http\Server::run() - CORE/src/Http/Server.php, line 90
[main] - ROOT/webroot/index.php, line 40



2020-01-31 03:27:12 Notice: Notice (8): Trying to get property 'status' of non-object in [/var/www/html/ivaa_baru/templates/ArtworksFiles/index.php, line 34]
Request URL: /artworks-files
Referer URL: http://localhost:8765/artworks-files/edit/1
Client IP: 127.0.0.1
Trace:
Cake\Error\BaseErrorHandler::handleError() - CORE/src/Error/BaseErrorHandler.php, line 188
DebugKit\Plugin::DebugKit\{closure}() - ROOT/vendor/cakephp/debug_kit/src/Plugin.php, line 105
include - ROOT/templates/ArtworksFiles/index.php, line 34
Cake\View\View::_evaluate() - CORE/src/View/View.php, line 1164
Cake\View\View::_render() - CORE/src/View/View.php, line 1125
Cake\View\View::render() - CORE/src/View/View.php, line 750
Cake\Controller\Controller::render() - CORE/src/Controller/Controller.php, line 691
Cake\Controller\Controller::invokeAction() - CORE/src/Controller/Controller.php, line 533
Cake\Controller\ControllerFactory::invoke() - CORE/src/Controller/ControllerFactory.php, line 79
Cake\Http\BaseApplication::handle() - CORE/src/Http/BaseApplication.php, line 229
Cake\Http\Runner::handle() - CORE/src/Http/Runner.php, line 77
Cake\Http\Runner::handle() - CORE/src/Http/Runner.php, line 77
Cake\Http\Middleware\CsrfProtectionMiddleware::process() - CORE/src/Http/Middleware/CsrfProtectionMiddleware.php, line 132
Cake\Http\Runner::handle() - CORE/src/Http/Runner.php, line 73
Cake\Http\Runner::run() - CORE/src/Http/Runner.php, line 58
Cake\Routing\Middleware\RoutingMiddleware::process() - CORE/src/Routing/Middleware/RoutingMiddleware.php, line 162
Cake\Http\Runner::handle() - CORE/src/Http/Runner.php, line 73
Cake\Routing\Middleware\AssetMiddleware::process() - CORE/src/Routing/Middleware/AssetMiddleware.php, line 68
Cake\Http\Runner::handle() - CORE/src/Http/Runner.php, line 73
Cake\Error\Middleware\ErrorHandlerMiddleware::process() - CORE/src/Error/Middleware/ErrorHandlerMiddleware.php, line 118
Cake\Http\Runner::handle() - CORE/src/Http/Runner.php, line 73
DebugKit\Middleware\DebugKitMiddleware::process() - ROOT/vendor/cakephp/debug_kit/src/Middleware/DebugKitMiddleware.php, line 60
Cake\Http\Runner::handle() - CORE/src/Http/Runner.php, line 73
Cake\Http\Runner::run() - CORE/src/Http/Runner.php, line 58
Cake\Http\Server::run() - CORE/src/Http/Server.php, line 90
[main] - ROOT/webroot/index.php, line 40



2020-01-31 03:27:14 Notice: Notice (8): Undefined variable: artwork in [/var/www/html/ivaa_baru/templates/ArtworksFiles/index.php, line 34]
Request URL: /artworks-files
Referer URL: http://localhost:8765/artworks-files/edit/1
Client IP: 127.0.0.1
Trace:
Cake\Error\BaseErrorHandler::handleError() - CORE/src/Error/BaseErrorHandler.php, line 188
DebugKit\Plugin::DebugKit\{closure}() - ROOT/vendor/cakephp/debug_kit/src/Plugin.php, line 105
include - ROOT/templates/ArtworksFiles/index.php, line 34
Cake\View\View::_evaluate() - CORE/src/View/View.php, line 1164
Cake\View\View::_render() - CORE/src/View/View.php, line 1125
Cake\View\View::render() - CORE/src/View/View.php, line 750
Cake\Controller\Controller::render() - CORE/src/Controller/Controller.php, line 691
Cake\Controller\Controller::invokeAction() - CORE/src/Controller/Controller.php, line 533
Cake\Controller\ControllerFactory::invoke() - CORE/src/Controller/ControllerFactory.php, line 79
Cake\Http\BaseApplication::handle() - CORE/src/Http/BaseApplication.php, line 229
Cake\Http\Runner::handle() - CORE/src/Http/Runner.php, line 77
Cake\Http\Runner::handle() - CORE/src/Http/Runner.php, line 77
Cake\Http\Middleware\CsrfProtectionMiddleware::process() - CORE/src/Http/Middleware/CsrfProtectionMiddleware.php, line 132
Cake\Http\Runner::handle() - CORE/src/Http/Runner.php, line 73
Cake\Http\Runner::run() - CORE/src/Http/Runner.php, line 58
Cake\Routing\Middleware\RoutingMiddleware::process() - CORE/src/Routing/Middleware/RoutingMiddleware.php, line 162
Cake\Http\Runner::handle() - CORE/src/Http/Runner.php, line 73
Cake\Routing\Middleware\AssetMiddleware::process() - CORE/src/Routing/Middleware/AssetMiddleware.php, line 68
Cake\Http\Runner::handle() - CORE/src/Http/Runner.php, line 73
Cake\Error\Middleware\ErrorHandlerMiddleware::process() - CORE/src/Error/Middleware/ErrorHandlerMiddleware.php, line 118
Cake\Http\Runner::handle() - CORE/src/Http/Runner.php, line 73
DebugKit\Middleware\DebugKitMiddleware::process() - ROOT/vendor/cakephp/debug_kit/src/Middleware/DebugKitMiddleware.php, line 60
Cake\Http\Runner::handle() - CORE/src/Http/Runner.php, line 73
Cake\Http\Runner::run() - CORE/src/Http/Runner.php, line 58
Cake\Http\Server::run() - CORE/src/Http/Server.php, line 90
[main] - ROOT/webroot/index.php, line 40



2020-01-31 03:27:14 Notice: Notice (8): Trying to get property 'status' of non-object in [/var/www/html/ivaa_baru/templates/ArtworksFiles/index.php, line 34]
Request URL: /artworks-files
Referer URL: http://localhost:8765/artworks-files/edit/1
Client IP: 127.0.0.1
Trace:
Cake\Error\BaseErrorHandler::handleError() - CORE/src/Error/BaseErrorHandler.php, line 188
DebugKit\Plugin::DebugKit\{closure}() - ROOT/vendor/cakephp/debug_kit/src/Plugin.php, line 105
include - ROOT/templates/ArtworksFiles/index.php, line 34
Cake\View\View::_evaluate() - CORE/src/View/View.php, line 1164
Cake\View\View::_render() - CORE/src/View/View.php, line 1125
Cake\View\View::render() - CORE/src/View/View.php, line 750
Cake\Controller\Controller::render() - CORE/src/Controller/Controller.php, line 691
Cake\Controller\Controller::invokeAction() - CORE/src/Controller/Controller.php, line 533
Cake\Controller\ControllerFactory::invoke() - CORE/src/Controller/ControllerFactory.php, line 79
Cake\Http\BaseApplication::handle() - CORE/src/Http/BaseApplication.php, line 229
Cake\Http\Runner::handle() - CORE/src/Http/Runner.php, line 77
Cake\Http\Runner::handle() - CORE/src/Http/Runner.php, line 77
Cake\Http\Middleware\CsrfProtectionMiddleware::process() - CORE/src/Http/Middleware/CsrfProtectionMiddleware.php, line 132
Cake\Http\Runner::handle() - CORE/src/Http/Runner.php, line 73
Cake\Http\Runner::run() - CORE/src/Http/Runner.php, line 58
Cake\Routing\Middleware\RoutingMiddleware::process() - CORE/src/Routing/Middleware/RoutingMiddleware.php, line 162
Cake\Http\Runner::handle() - CORE/src/Http/Runner.php, line 73
Cake\Routing\Middleware\AssetMiddleware::process() - CORE/src/Routing/Middleware/AssetMiddleware.php, line 68
Cake\Http\Runner::handle() - CORE/src/Http/Runner.php, line 73
Cake\Error\Middleware\ErrorHandlerMiddleware::process() - CORE/src/Error/Middleware/ErrorHandlerMiddleware.php, line 118
Cake\Http\Runner::handle() - CORE/src/Http/Runner.php, line 73
DebugKit\Middleware\DebugKitMiddleware::process() - ROOT/vendor/cakephp/debug_kit/src/Middleware/DebugKitMiddleware.php, line 60
Cake\Http\Runner::handle() - CORE/src/Http/Runner.php, line 73
Cake\Http\Runner::run() - CORE/src/Http/Runner.php, line 58
Cake\Http\Server::run() - CORE/src/Http/Server.php, line 90
[main] - ROOT/webroot/index.php, line 40



2020-01-31 03:39:25 Notice: Notice (8): Undefined variable: countries in [/var/www/html/ivaa_baru/templates/Artists/add.php, line 24]
Request URL: /artists/add
Referer URL: http://localhost:8765/artists
Client IP: 127.0.0.1
Trace:
Cake\Error\BaseErrorHandler::handleError() - CORE/src/Error/BaseErrorHandler.php, line 188
DebugKit\Plugin::DebugKit\{closure}() - ROOT/vendor/cakephp/debug_kit/src/Plugin.php, line 105
include - ROOT/templates/Artists/add.php, line 24
Cake\View\View::_evaluate() - CORE/src/View/View.php, line 1164
Cake\View\View::_render() - CORE/src/View/View.php, line 1125
Cake\View\View::render() - CORE/src/View/View.php, line 750
Cake\Controller\Controller::render() - CORE/src/Controller/Controller.php, line 691
Cake\Controller\Controller::invokeAction() - CORE/src/Controller/Controller.php, line 533
Cake\Controller\ControllerFactory::invoke() - CORE/src/Controller/ControllerFactory.php, line 79
Cake\Http\BaseApplication::handle() - CORE/src/Http/BaseApplication.php, line 229
Cake\Http\Runner::handle() - CORE/src/Http/Runner.php, line 77
Cake\Http\Runner::handle() - CORE/src/Http/Runner.php, line 77
Cake\Http\Middleware\CsrfProtectionMiddleware::process() - CORE/src/Http/Middleware/CsrfProtectionMiddleware.php, line 132
Cake\Http\Runner::handle() - CORE/src/Http/Runner.php, line 73
Cake\Http\Runner::run() - CORE/src/Http/Runner.php, line 58
Cake\Routing\Middleware\RoutingMiddleware::process() - CORE/src/Routing/Middleware/RoutingMiddleware.php, line 162
Cake\Http\Runner::handle() - CORE/src/Http/Runner.php, line 73
Cake\Routing\Middleware\AssetMiddleware::process() - CORE/src/Routing/Middleware/AssetMiddleware.php, line 68
Cake\Http\Runner::handle() - CORE/src/Http/Runner.php, line 73
Cake\Error\Middleware\ErrorHandlerMiddleware::process() - CORE/src/Error/Middleware/ErrorHandlerMiddleware.php, line 118
Cake\Http\Runner::handle() - CORE/src/Http/Runner.php, line 73
DebugKit\Middleware\DebugKitMiddleware::process() - ROOT/vendor/cakephp/debug_kit/src/Middleware/DebugKitMiddleware.php, line 60
Cake\Http\Runner::handle() - CORE/src/Http/Runner.php, line 73
Cake\Http\Runner::run() - CORE/src/Http/Runner.php, line 58
Cake\Http\Server::run() - CORE/src/Http/Server.php, line 90
[main] - ROOT/webroot/index.php, line 40



2020-01-31 03:40:30 Notice: Notice (8): Undefined variable: countries in [/var/www/html/ivaa_baru/templates/Artists/add.php, line 24]
Request URL: /artists/add
Referer URL: http://localhost:8765/artists
Client IP: 127.0.0.1
Trace:
Cake\Error\BaseErrorHandler::handleError() - CORE/src/Error/BaseErrorHandler.php, line 188
DebugKit\Plugin::DebugKit\{closure}() - ROOT/vendor/cakephp/debug_kit/src/Plugin.php, line 105
include - ROOT/templates/Artists/add.php, line 24
Cake\View\View::_evaluate() - CORE/src/View/View.php, line 1164
Cake\View\View::_render() - CORE/src/View/View.php, line 1125
Cake\View\View::render() - CORE/src/View/View.php, line 750
Cake\Controller\Controller::render() - CORE/src/Controller/Controller.php, line 691
Cake\Controller\Controller::invokeAction() - CORE/src/Controller/Controller.php, line 533
Cake\Controller\ControllerFactory::invoke() - CORE/src/Controller/ControllerFactory.php, line 79
Cake\Http\BaseApplication::handle() - CORE/src/Http/BaseApplication.php, line 229
Cake\Http\Runner::handle() - CORE/src/Http/Runner.php, line 77
Cake\Http\Runner::handle() - CORE/src/Http/Runner.php, line 77
Cake\Http\Middleware\CsrfProtectionMiddleware::process() - CORE/src/Http/Middleware/CsrfProtectionMiddleware.php, line 132
Cake\Http\Runner::handle() - CORE/src/Http/Runner.php, line 73
Cake\Http\Runner::run() - CORE/src/Http/Runner.php, line 58
Cake\Routing\Middleware\RoutingMiddleware::process() - CORE/src/Routing/Middleware/RoutingMiddleware.php, line 162
Cake\Http\Runner::handle() - CORE/src/Http/Runner.php, line 73
Cake\Routing\Middleware\AssetMiddleware::process() - CORE/src/Routing/Middleware/AssetMiddleware.php, line 68
Cake\Http\Runner::handle() - CORE/src/Http/Runner.php, line 73
Cake\Error\Middleware\ErrorHandlerMiddleware::process() - CORE/src/Error/Middleware/ErrorHandlerMiddleware.php, line 118
Cake\Http\Runner::handle() - CORE/src/Http/Runner.php, line 73
DebugKit\Middleware\DebugKitMiddleware::process() - ROOT/vendor/cakephp/debug_kit/src/Middleware/DebugKitMiddleware.php, line 60
Cake\Http\Runner::handle() - CORE/src/Http/Runner.php, line 73
Cake\Http\Runner::run() - CORE/src/Http/Runner.php, line 58
Cake\Http\Server::run() - CORE/src/Http/Server.php, line 90
[main] - ROOT/webroot/index.php, line 40



2020-01-31 03:42:31 Notice: Notice (8): Undefined variable: countries in [/var/www/html/ivaa_baru/templates/Artists/add.php, line 24]
Request URL: /artists/add
Referer URL: http://localhost:8765/artists
Client IP: 127.0.0.1
Trace:
Cake\Error\BaseErrorHandler::handleError() - CORE/src/Error/BaseErrorHandler.php, line 188
DebugKit\Plugin::DebugKit\{closure}() - ROOT/vendor/cakephp/debug_kit/src/Plugin.php, line 105
include - ROOT/templates/Artists/add.php, line 24
Cake\View\View::_evaluate() - CORE/src/View/View.php, line 1164
Cake\View\View::_render() - CORE/src/View/View.php, line 1125
Cake\View\View::render() - CORE/src/View/View.php, line 750
Cake\Controller\Controller::render() - CORE/src/Controller/Controller.php, line 691
Cake\Controller\Controller::invokeAction() - CORE/src/Controller/Controller.php, line 533
Cake\Controller\ControllerFactory::invoke() - CORE/src/Controller/ControllerFactory.php, line 79
Cake\Http\BaseApplication::handle() - CORE/src/Http/BaseApplication.php, line 229
Cake\Http\Runner::handle() - CORE/src/Http/Runner.php, line 77
Cake\Http\Runner::handle() - CORE/src/Http/Runner.php, line 77
Cake\Http\Middleware\CsrfProtectionMiddleware::process() - CORE/src/Http/Middleware/CsrfProtectionMiddleware.php, line 132
Cake\Http\Runner::handle() - CORE/src/Http/Runner.php, line 73
Cake\Http\Runner::run() - CORE/src/Http/Runner.php, line 58
Cake\Routing\Middleware\RoutingMiddleware::process() - CORE/src/Routing/Middleware/RoutingMiddleware.php, line 162
Cake\Http\Runner::handle() - CORE/src/Http/Runner.php, line 73
Cake\Routing\Middleware\AssetMiddleware::process() - CORE/src/Routing/Middleware/AssetMiddleware.php, line 68
Cake\Http\Runner::handle() - CORE/src/Http/Runner.php, line 73
Cake\Error\Middleware\ErrorHandlerMiddleware::process() - CORE/src/Error/Middleware/ErrorHandlerMiddleware.php, line 118
Cake\Http\Runner::handle() - CORE/src/Http/Runner.php, line 73
DebugKit\Middleware\DebugKitMiddleware::process() - ROOT/vendor/cakephp/debug_kit/src/Middleware/DebugKitMiddleware.php, line 60
Cake\Http\Runner::handle() - CORE/src/Http/Runner.php, line 73
Cake\Http\Runner::run() - CORE/src/Http/Runner.php, line 58
Cake\Http\Server::run() - CORE/src/Http/Server.php, line 90
[main] - ROOT/webroot/index.php, line 40



